{
  "RSpec": {
    "coverage": {
      "/Users/bridgettcoyle/Desktop/DragMe/DragMe-BE/DragMe-BE/app/helpers/application_helper.rb": [
        1,
        null
      ],
      "/Users/bridgettcoyle/Desktop/DragMe/DragMe-BE/DragMe-BE/app/models/venue.rb": [
        1,
        1,
        1,
        null
      ],
      "/Users/bridgettcoyle/Desktop/DragMe/DragMe-BE/DragMe-BE/app/models/application_record.rb": [
        1,
        1,
        null
      ],
      "/Users/bridgettcoyle/Desktop/DragMe/DragMe-BE/DragMe-BE/app/controllers/api/v1/venues_controller.rb": [
        1,
        null,
        1,
        1,
        null,
        null,
        1,
        1,
        1,
        1,
        null,
        0,
        null,
        null,
        null,
        null,
        null,
        null,
        null,
        1,
        1,
        1,
        1,
        null,
        null,
        null,
        null,
        null,
        null,
        null,
        null,
        1,
        null,
        1,
        1,
        null
      ],
      "/Users/bridgettcoyle/Desktop/DragMe/DragMe-BE/DragMe-BE/app/controllers/application_controller.rb": [
        1,
        null
      ],
      "/Users/bridgettcoyle/Desktop/DragMe/DragMe-BE/DragMe-BE/app/models/show.rb": [
        1,
        1,
        1,
        1,
        null
      ],
      "/Users/bridgettcoyle/Desktop/DragMe/DragMe-BE/DragMe-BE/app/controllers/api/v1/venues/shows_controller.rb": [
        1,
        1,
        1,
        1,
        null,
        null,
        null,
        null,
        null,
        null
      ]
    },
    "timestamp": 1563746654
  }
}
